<?xml version="1.0" encoding="UTF-8"?>
<testng-results skipped="0" failed="0" ignored="0" total="2" passed="2">
  <reporter-output>
  </reporter-output>
  <suite name="Suite" duration-ms="0" started-at="2020-07-02T22:56:50 IST" finished-at="2020-07-02T22:56:50 IST">
    <groups>
    </groups>
  </suite> <!-- Suite -->
  <suite name="Suite (1)" duration-ms="13941" started-at="2020-07-02T22:56:35 IST" finished-at="2020-07-02T22:56:49 IST">
    <groups>
    </groups>
    <test name="Test" duration-ms="13941" started-at="2020-07-02T22:56:35 IST" finished-at="2020-07-02T22:56:49 IST">
      <class name="Selenium1.Abc.JavaScriptExecutorToScroll2">
        <test-method status="PASS" signature="scroll()[pri:0, instance:Selenium1.Abc.JavaScriptExecutorToScroll2@1f57539]" name="scroll" duration-ms="13933" started-at="2020-07-02T22:56:35 IST" finished-at="2020-07-02T22:56:49 IST">
          <reporter-output>
          </reporter-output>
        </test-method> <!-- scroll -->
      </class> <!-- Selenium1.Abc.JavaScriptExecutorToScroll2 -->
    </test> <!-- Test -->
  </suite> <!-- Suite (1) -->
  <suite name="Suite (0)" duration-ms="26961" started-at="2020-07-02T22:56:08 IST" finished-at="2020-07-02T22:56:35 IST">
    <groups>
    </groups>
    <test name="Test" duration-ms="26961" started-at="2020-07-02T22:56:08 IST" finished-at="2020-07-02T22:56:35 IST">
      <class name="Selenium1.Abc.JavaScriptExecutorToScroll">
        <test-method status="PASS" signature="scroll()[pri:0, instance:Selenium1.Abc.JavaScriptExecutorToScroll@711f39f9]" name="scroll" duration-ms="26844" started-at="2020-07-02T22:56:08 IST" finished-at="2020-07-02T22:56:35 IST">
          <reporter-output>
          </reporter-output>
        </test-method> <!-- scroll -->
      </class> <!-- Selenium1.Abc.JavaScriptExecutorToScroll -->
    </test> <!-- Test -->
  </suite> <!-- Suite (0) -->
</testng-results>
